Using pre-set license
Built from '2020.2/release' branch; Version is '2020.2.4f1 (becced5a802b) revision 12504301'; Using compiler version '192528614'; Build Type 'Release'
OS: 'Windows 10 Pro; OS build 18363.1556; Version 1909; 64bit' Language: 'en' Physical Memory: 16310 MB
BatchMode: 1, IsHumanControllingUs: 0, StartBugReporterOnCrash: 0, Is64bit: 1, IsPro: 0

 COMMAND LINE ARGUMENTS:
C:\Program Files\Unity\Hub\Editor\2020.2.4f1\Editor\Unity.exe
-adb2
-batchMode
-noUpm
-name
AssetImportWorker0
-projectPath
C:/Users/kiera/Documents/13_IGD/IGD_Pac-Student
-logFile
Logs/AssetImportWorker0.log
-srvPort
53125
Successfully changed project path to: C:/Users/kiera/Documents/13_IGD/IGD_Pac-Student
C:/Users/kiera/Documents/13_IGD/IGD_Pac-Student
Using Asset Import Pipeline V2.
Refreshing native plugins compatible for Editor in 31.23 ms, found 1 plugins.
Preloading 0 native plugins for Editor in 0.00 ms.
Initialize engine version: 2020.2.4f1 (becced5a802b)
[Subsystems] Discovering subsystems at path C:/Program Files/Unity/Hub/Editor/2020.2.4f1/Editor/Data/Resources/UnitySubsystems
[Subsystems] Discovering subsystems at path C:/Users/kiera/Documents/13_IGD/IGD_Pac-Student/Assets
GfxDevice: creating device client; threaded=0
Direct3D:
    Version:  Direct3D 11.0 [level 11.1]
    Renderer: NVIDIA GeForce GTX 1080 (ID=0x1b80)
    Vendor:   
    VRAM:     8079 MB
    Driver:   27.21.14.6647
Initialize mono
Mono path[0] = 'C:/Program Files/Unity/Hub/Editor/2020.2.4f1/Editor/Data/Managed'
Mono path[1] = 'C:/Program Files/Unity/Hub/Editor/2020.2.4f1/Editor/Data/MonoBleedingEdge/lib/mono/unityjit'
Mono config path = 'C:/Program Files/Unity/Hub/Editor/2020.2.4f1/Editor/Data/MonoBleedingEdge/etc'
Using monoOptions --debugger-agent=transport=dt_socket,embedding=1,server=y,suspend=n,address=127.0.0.1:56900
Begin MonoManager ReloadAssembly
Registering precompiled unity dll's ...
Register platform support module: C:/Program Files/Unity/Hub/Editor/2020.2.4f1/Editor/Data/PlaybackEngines/WindowsStandaloneSupport/UnityEditor.WindowsStandalone.Extensions.dll
Registered in 0.001691 seconds.
Native extension for WindowsStandalone target not found
Refreshing native plugins compatible for Editor in 31.33 ms, found 1 plugins.
Preloading 0 native plugins for Editor in 0.00 ms.
Invoked RoslynAnalysisRunner static constructor.
RoslynAnalysisRunner will not be running.
RoslynAnalysisRunner has terminated.
Mono: successfully reloaded assembly
- Completed reload, in  0.922 seconds
Platform modules already initialized, skipping
Registering precompiled user dll's ...
Registered in 0.000752 seconds.
Begin MonoManager ReloadAssembly
Native extension for WindowsStandalone target not found
Refreshing native plugins compatible for Editor in 31.09 ms, found 1 plugins.
Preloading 0 native plugins for Editor in 0.00 ms.
Invoked RoslynAnalysisRunner static constructor.
RoslynAnalysisRunner will not be running.
RoslynAnalysisRunner has terminated.
Mono: successfully reloaded assembly
- Completed reload, in  0.772 seconds
Platform modules already initialized, skipping
========================================================================
Worker process is ready to serve import requests
Launched and connected shader compiler UnityShaderCompiler.exe after 0.10 seconds
Refreshing native plugins compatible for Editor in 0.38 ms, found 1 plugins.
Preloading 0 native plugins for Editor in 0.00 ms.
Unloading 1803 Unused Serialized files (Serialized files now loaded: 0)
System memory in use before: 84.5 MB.
System memory in use after: 84.5 MB.

Unloading 24 unused Assets to reduce memory usage. Loaded Objects now: 2245.
Total: 2.267200 ms (FindLiveObjects: 0.184900 ms CreateObjectMapping: 0.041600 ms MarkObjects: 1.912800 ms  DeleteObjects: 0.126700 ms)

========================================================================
Received Import Request.
  path: Assets/Scenes/Start.unity
  artifactKey: Guid(8db602ebaa5d94f4dac631e20201ffb9) Importer(815301076,1909f56bfc062723c751e8b465ee728b)
Start importing Assets/Scenes/Start.unity using Guid(8db602ebaa5d94f4dac631e20201ffb9) Importer(815301076,1909f56bfc062723c751e8b465ee728b)  -> (artifact id: '8f31efd1837af6239cc92ae459103366') in 0.016140 seconds
  Import took 0.018910 seconds .

========================================================================
Received Prepare
Refreshing native plugins compatible for Editor in 1.81 ms, found 1 plugins.
Preloading 0 native plugins for Editor in 0.00 ms.
Unloading 10 Unused Serialized files (Serialized files now loaded: 0)
System memory in use before: 49.0 MB.
System memory in use after: 49.0 MB.

Unloading 10 unused Assets to reduce memory usage. Loaded Objects now: 2245.
Total: 2.601000 ms (FindLiveObjects: 0.209600 ms CreateObjectMapping: 0.037500 ms MarkObjects: 2.217700 ms  DeleteObjects: 0.135100 ms)

========================================================================
Received Import Request.
  Time since last request: 35.652737 seconds.
  path: Assets/Prefabs/Scene Manager.prefab
  artifactKey: Guid(21eca2fcf815b8247a88bc96559099c1) Importer(815301076,1909f56bfc062723c751e8b465ee728b)
Start importing Assets/Prefabs/Scene Manager.prefab using Guid(21eca2fcf815b8247a88bc96559099c1) Importer(815301076,1909f56bfc062723c751e8b465ee728b)  -> (artifact id: 'a8c7656336caae9977f9e75c701382de') in 0.044784 seconds
  Import took 0.047962 seconds .

========================================================================
Received Import Request.
  Time since last request: 0.003565 seconds.
  path: Assets/Prefabs/Scene Manager.prefab
  artifactKey: Guid(21eca2fcf815b8247a88bc96559099c1) Importer(815301076,1909f56bfc062723c751e8b465ee728b)
Start importing Assets/Prefabs/Scene Manager.prefab using Guid(21eca2fcf815b8247a88bc96559099c1) Importer(815301076,1909f56bfc062723c751e8b465ee728b)  -> (artifact id: 'a8c7656336caae9977f9e75c701382de') in 0.004595 seconds
  Import took 0.007220 seconds .

========================================================================
Received Import Request.
  Time since last request: 7.077856 seconds.
  path: Assets/Scenes/Game.unity
  artifactKey: Guid(d019c76f946538143b5f6d0345c305bb) Importer(815301076,1909f56bfc062723c751e8b465ee728b)
Start importing Assets/Scenes/Game.unity using Guid(d019c76f946538143b5f6d0345c305bb) Importer(815301076,1909f56bfc062723c751e8b465ee728b)  -> (artifact id: 'ad7a7fddc1d6f0ed0283dfbfd67ad2c9') in 0.007904 seconds
  Import took 0.010746 seconds .

========================================================================
Received Import Request.
  Time since last request: 1.746190 seconds.
  path: Assets/Audio Clips/Intro.mp3
  artifactKey: Guid(ed51375fc7a21594b8a8139f95a0b2f7) Importer(815301076,1909f56bfc062723c751e8b465ee728b)
Start importing Assets/Audio Clips/Intro.mp3 using Guid(ed51375fc7a21594b8a8139f95a0b2f7) Importer(815301076,1909f56bfc062723c751e8b465ee728b)  -> (artifact id: 'adfd673f8308c2dd268dcade0b1e0ddb') in 0.061137 seconds
  Import took 0.064093 seconds .

========================================================================
Received Import Request.
  Time since last request: 15.239983 seconds.
  path: Assets/Scripts/SceneTransitions.cs
  artifactKey: Guid(313a247085ea12443b83fe04c35efc59) Importer(815301076,1909f56bfc062723c751e8b465ee728b)
Start importing Assets/Scripts/SceneTransitions.cs using Guid(313a247085ea12443b83fe04c35efc59) Importer(815301076,1909f56bfc062723c751e8b465ee728b)  -> (artifact id: '80357b96bf49007df063f8812aafee11') in 0.009889 seconds
  Import took 0.012822 seconds .

========================================================================
Received Import Request.
  Time since last request: 0.000394 seconds.
  path: Assets/Scripts/SceneTransitions.cs
  artifactKey: Guid(313a247085ea12443b83fe04c35efc59) Importer(815301076,1909f56bfc062723c751e8b465ee728b)
Start importing Assets/Scripts/SceneTransitions.cs using Guid(313a247085ea12443b83fe04c35efc59) Importer(815301076,1909f56bfc062723c751e8b465ee728b)  -> (artifact id: '80357b96bf49007df063f8812aafee11') in 0.002493 seconds
  Import took 0.005634 seconds .

========================================================================
Received Import Request.
  Time since last request: 36.814831 seconds.
  path: Assets/Scripts/SceneTransitions.cs
  artifactKey: Guid(313a247085ea12443b83fe04c35efc59) Importer(815301076,1909f56bfc062723c751e8b465ee728b)
Start importing Assets/Scripts/SceneTransitions.cs using Guid(313a247085ea12443b83fe04c35efc59) Importer(815301076,1909f56bfc062723c751e8b465ee728b)  -> (artifact id: '00000000000000000000000000000000') in 0.000349 seconds
  ERROR: Build asset version error: assets/scripts/scenetransitions.cs in SourceAssetDB has modification time of '2021-11-05T16:16:24.6441603Z' while content on disk has modification time of '2021-11-05T16:16:24.8101981Z'
  Import took 0.003132 seconds .

========================================================================
Received Import Request.
  Time since last request: 0.016208 seconds.
  path: Assets/Scripts/SceneTransitions.cs
  artifactKey: Guid(313a247085ea12443b83fe04c35efc59) Importer(815301076,1909f56bfc062723c751e8b465ee728b)
Start importing Assets/Scripts/SceneTransitions.cs using Guid(313a247085ea12443b83fe04c35efc59) Importer(815301076,1909f56bfc062723c751e8b465ee728b)  -> (artifact id: '00000000000000000000000000000000') in 0.000299 seconds
  ERROR: Build asset version error: assets/scripts/scenetransitions.cs in SourceAssetDB has modification time of '2021-11-05T16:16:24.6441603Z' while content on disk has modification time of '2021-11-05T16:16:24.8101981Z'
  Import took 0.002525 seconds .

========================================================================
Received Import Request.
  Time since last request: 0.024329 seconds.
  path: Assets/Scripts/SceneTransitions.cs
  artifactKey: Guid(313a247085ea12443b83fe04c35efc59) Importer(815301076,1909f56bfc062723c751e8b465ee728b)
Start importing Assets/Scripts/SceneTransitions.cs using Guid(313a247085ea12443b83fe04c35efc59) Importer(815301076,1909f56bfc062723c751e8b465ee728b)  -> (artifact id: '6fa59c657ad6c7fe137167aef72e382c') in 0.002536 seconds
  Import took 0.005383 seconds .

========================================================================
Received Prepare
Registering precompiled user dll's ...
Registered in 0.001066 seconds.
Begin MonoManager ReloadAssembly
Native extension for WindowsStandalone target not found
Refreshing native plugins compatible for Editor in 0.41 ms, found 1 plugins.
Preloading 0 native plugins for Editor in 0.00 ms.
Invoked RoslynAnalysisRunner static constructor.
RoslynAnalysisRunner will not be running.
RoslynAnalysisRunner has terminated.
Mono: successfully reloaded assembly
- Completed reload, in  0.715 seconds
Platform modules already initialized, skipping
Refreshing native plugins compatible for Editor in 0.51 ms, found 1 plugins.
Preloading 0 native plugins for Editor in 0.00 ms.
Unloading 1798 Unused Serialized files (Serialized files now loaded: 0)
System memory in use before: 87.6 MB.
System memory in use after: 87.6 MB.

Unloading 12 unused Assets to reduce memory usage. Loaded Objects now: 2257.
Total: 1.875400 ms (FindLiveObjects: 0.261900 ms CreateObjectMapping: 0.042000 ms MarkObjects: 1.472200 ms  DeleteObjects: 0.098200 ms)

========================================================================
Received Import Request.
  Time since last request: 157.603449 seconds.
  path: Assets/Scenes/Start.unity
  artifactKey: Guid(8db602ebaa5d94f4dac631e20201ffb9) Importer(815301076,1909f56bfc062723c751e8b465ee728b)
Start importing Assets/Scenes/Start.unity using Guid(8db602ebaa5d94f4dac631e20201ffb9) Importer(815301076,1909f56bfc062723c751e8b465ee728b)  -> (artifact id: '2b711496ffa055cb1172aa43c5ababe6') in 0.011348 seconds
  Import took 0.014712 seconds .

========================================================================
Received Prepare
Registering precompiled user dll's ...
Registered in 0.000866 seconds.
Begin MonoManager ReloadAssembly
Native extension for WindowsStandalone target not found
Refreshing native plugins compatible for Editor in 0.43 ms, found 1 plugins.
Preloading 0 native plugins for Editor in 0.00 ms.
Invoked RoslynAnalysisRunner static constructor.
RoslynAnalysisRunner will not be running.
RoslynAnalysisRunner has terminated.
Mono: successfully reloaded assembly
- Completed reload, in  0.777 seconds
Platform modules already initialized, skipping
Refreshing native plugins compatible for Editor in 0.53 ms, found 1 plugins.
Preloading 0 native plugins for Editor in 0.00 ms.
Unloading 1798 Unused Serialized files (Serialized files now loaded: 0)
System memory in use before: 87.7 MB.
System memory in use after: 87.7 MB.

Unloading 12 unused Assets to reduce memory usage. Loaded Objects now: 2260.
Total: 2.038100 ms (FindLiveObjects: 0.224800 ms CreateObjectMapping: 0.038100 ms MarkObjects: 1.655600 ms  DeleteObjects: 0.118200 ms)

========================================================================
Received Import Request.
  Time since last request: 49.180383 seconds.
  path: Assets/Scenes/Game.unity
  artifactKey: Guid(d019c76f946538143b5f6d0345c305bb) Importer(815301076,1909f56bfc062723c751e8b465ee728b)
Start importing Assets/Scenes/Game.unity using Guid(d019c76f946538143b5f6d0345c305bb) Importer(815301076,1909f56bfc062723c751e8b465ee728b)  -> (artifact id: 'bec46aa25fbede3e47adb3a16b62d9e9') in 0.010545 seconds
  Import took 0.013532 seconds .

AssetImportWorkerClient::OnTransportError - code=2 error=End of file
