Using pre-set license
Built from '2020.2/release' branch; Version is '2020.2.4f1 (becced5a802b) revision 12504301'; Using compiler version '192528614'; Build Type 'Release'
OS: 'Windows 10 Pro; OS build 18363.1556; Version 1909; 64bit' Language: 'en' Physical Memory: 16310 MB
BatchMode: 1, IsHumanControllingUs: 0, StartBugReporterOnCrash: 0, Is64bit: 1, IsPro: 0

 COMMAND LINE ARGUMENTS:
C:\Program Files\Unity\Hub\Editor\2020.2.4f1\Editor\Unity.exe
-adb2
-batchMode
-noUpm
-name
AssetImportWorker0
-projectPath
C:/Users/kiera/Documents/13_IGD/IGD_Pac-Student
-logFile
Logs/AssetImportWorker0.log
-srvPort
55225
Successfully changed project path to: C:/Users/kiera/Documents/13_IGD/IGD_Pac-Student
C:/Users/kiera/Documents/13_IGD/IGD_Pac-Student
Using Asset Import Pipeline V2.
Refreshing native plugins compatible for Editor in 31.97 ms, found 1 plugins.
Preloading 0 native plugins for Editor in 0.00 ms.
Initialize engine version: 2020.2.4f1 (becced5a802b)
[Subsystems] Discovering subsystems at path C:/Program Files/Unity/Hub/Editor/2020.2.4f1/Editor/Data/Resources/UnitySubsystems
[Subsystems] Discovering subsystems at path C:/Users/kiera/Documents/13_IGD/IGD_Pac-Student/Assets
GfxDevice: creating device client; threaded=0
Direct3D:
    Version:  Direct3D 11.0 [level 11.1]
    Renderer: NVIDIA GeForce GTX 1080 (ID=0x1b80)
    Vendor:   
    VRAM:     8079 MB
    Driver:   27.21.14.6647
Initialize mono
Mono path[0] = 'C:/Program Files/Unity/Hub/Editor/2020.2.4f1/Editor/Data/Managed'
Mono path[1] = 'C:/Program Files/Unity/Hub/Editor/2020.2.4f1/Editor/Data/MonoBleedingEdge/lib/mono/unityjit'
Mono config path = 'C:/Program Files/Unity/Hub/Editor/2020.2.4f1/Editor/Data/MonoBleedingEdge/etc'
Using monoOptions --debugger-agent=transport=dt_socket,embedding=1,server=y,suspend=n,address=127.0.0.1:56772
Begin MonoManager ReloadAssembly
Registering precompiled unity dll's ...
Register platform support module: C:/Program Files/Unity/Hub/Editor/2020.2.4f1/Editor/Data/PlaybackEngines/WindowsStandaloneSupport/UnityEditor.WindowsStandalone.Extensions.dll
Registered in 0.001853 seconds.
Native extension for WindowsStandalone target not found
Refreshing native plugins compatible for Editor in 31.02 ms, found 1 plugins.
Preloading 0 native plugins for Editor in 0.00 ms.
Invoked RoslynAnalysisRunner static constructor.
RoslynAnalysisRunner will not be running.
RoslynAnalysisRunner has terminated.
Mono: successfully reloaded assembly
- Completed reload, in  0.920 seconds
Platform modules already initialized, skipping
Registering precompiled user dll's ...
Registered in 0.000801 seconds.
Begin MonoManager ReloadAssembly
Native extension for WindowsStandalone target not found
Refreshing native plugins compatible for Editor in 30.75 ms, found 1 plugins.
Preloading 0 native plugins for Editor in 0.00 ms.
Invoked RoslynAnalysisRunner static constructor.
RoslynAnalysisRunner will not be running.
RoslynAnalysisRunner has terminated.
Mono: successfully reloaded assembly
- Completed reload, in  0.782 seconds
Platform modules already initialized, skipping
========================================================================
Worker process is ready to serve import requests
Launched and connected shader compiler UnityShaderCompiler.exe after 0.11 seconds
Refreshing native plugins compatible for Editor in 0.39 ms, found 1 plugins.
Preloading 0 native plugins for Editor in 0.00 ms.
Unloading 1801 Unused Serialized files (Serialized files now loaded: 0)
System memory in use before: 84.5 MB.
System memory in use after: 84.4 MB.

Unloading 24 unused Assets to reduce memory usage. Loaded Objects now: 2243.
Total: 2.101200 ms (FindLiveObjects: 0.248200 ms CreateObjectMapping: 0.048600 ms MarkObjects: 1.674600 ms  DeleteObjects: 0.128500 ms)

========================================================================
Received Import Request.
  path: Assets/Prefabs/PinkGhost.prefab
  artifactKey: Guid(a9af340c2b62d1541b476e4725414109) Importer(815301076,1909f56bfc062723c751e8b465ee728b)
Start importing Assets/Prefabs/PinkGhost.prefab using Guid(a9af340c2b62d1541b476e4725414109) Importer(815301076,1909f56bfc062723c751e8b465ee728b)  -> (artifact id: 'e8d3a37fb7f12588b0443f19313da34c') in 0.029771 seconds
  Import took 0.032449 seconds .

========================================================================
Received Import Request.
  Time since last request: 0.000239 seconds.
  path: Assets/Prefabs/Pac-Student.prefab
  artifactKey: Guid(81d63478ed8ee2b4ca406fc17ea8e771) Importer(815301076,1909f56bfc062723c751e8b465ee728b)
Start importing Assets/Prefabs/Pac-Student.prefab using Guid(81d63478ed8ee2b4ca406fc17ea8e771) Importer(815301076,1909f56bfc062723c751e8b465ee728b)  -> (artifact id: 'db538619b9cfd9004cd71bb9656fdd3c') in 0.007191 seconds
  Import took 0.010177 seconds .

========================================================================
Received Import Request.
  Time since last request: 0.000213 seconds.
  path: Assets/Prefabs/PowerPellet_0.prefab
  artifactKey: Guid(2181bfbf3c2999149b9682ece68ef198) Importer(815301076,1909f56bfc062723c751e8b465ee728b)
Start importing Assets/Prefabs/PowerPellet_0.prefab using Guid(2181bfbf3c2999149b9682ece68ef198) Importer(815301076,1909f56bfc062723c751e8b465ee728b)  -> (artifact id: 'acfd84005a23ea02110ab7a51c5f39aa') in 0.008117 seconds
  Import took 0.010949 seconds .

========================================================================
Received Import Request.
  Time since last request: 0.000157 seconds.
  path: Assets/Prefabs/BlueGhost.prefab
  artifactKey: Guid(5372f530c5f02754a9d9c51a00e07df1) Importer(815301076,1909f56bfc062723c751e8b465ee728b)
Start importing Assets/Prefabs/BlueGhost.prefab using Guid(5372f530c5f02754a9d9c51a00e07df1) Importer(815301076,1909f56bfc062723c751e8b465ee728b)  -> (artifact id: 'badf38f2e72f1917775215db104c54e9') in 0.007985 seconds
  Import took 0.010471 seconds .

========================================================================
Received Import Request.
  Time since last request: 0.000238 seconds.
  path: Assets/Prefabs/SceneManager.prefab
  artifactKey: Guid(521d3fe0c19257842b961e807b5db60d) Importer(815301076,1909f56bfc062723c751e8b465ee728b)
Start importing Assets/Prefabs/SceneManager.prefab using Guid(521d3fe0c19257842b961e807b5db60d) Importer(815301076,1909f56bfc062723c751e8b465ee728b)  -> (artifact id: '2685c020ff0bc5022e52d7f1cb1d40d4') in 0.006309 seconds
  Import took 0.009078 seconds .

========================================================================
Received Import Request.
  Time since last request: 0.000189 seconds.
  path: Assets/Prefabs/Pellet.prefab
  artifactKey: Guid(1fa02223bcda82d44a215ea1baa5b61d) Importer(815301076,1909f56bfc062723c751e8b465ee728b)
Start importing Assets/Prefabs/Pellet.prefab using Guid(1fa02223bcda82d44a215ea1baa5b61d) Importer(815301076,1909f56bfc062723c751e8b465ee728b)  -> (artifact id: 'ee61a9f29a53612a64316f743ea498d9') in 0.007036 seconds
  Import took 0.010016 seconds .

========================================================================
Received Import Request.
  Time since last request: 0.000186 seconds.
  path: Assets/Prefabs/RedGhost.prefab
  artifactKey: Guid(a5622471e5827844c93e12d2ed173a04) Importer(815301076,1909f56bfc062723c751e8b465ee728b)
Start importing Assets/Prefabs/RedGhost.prefab using Guid(a5622471e5827844c93e12d2ed173a04) Importer(815301076,1909f56bfc062723c751e8b465ee728b)  -> (artifact id: 'f96d8d5c706206efb0f467c6a700671f') in 0.006275 seconds
  Import took 0.008608 seconds .

========================================================================
Received Import Request.
  Time since last request: 0.000174 seconds.
  path: Assets/Prefabs/OrangeGhost.prefab
  artifactKey: Guid(90f7bb6b6635ad24eb7247c3aa2dd35d) Importer(815301076,1909f56bfc062723c751e8b465ee728b)
Start importing Assets/Prefabs/OrangeGhost.prefab using Guid(90f7bb6b6635ad24eb7247c3aa2dd35d) Importer(815301076,1909f56bfc062723c751e8b465ee728b)  -> (artifact id: '09d8600358c43352a6e9e2edda826a21') in 0.006632 seconds
  Import took 0.009227 seconds .

========================================================================
Received Import Request.
  Time since last request: 5.616842 seconds.
  path: Assets/Audio Clips/Intro.mp3
  artifactKey: Guid(ed51375fc7a21594b8a8139f95a0b2f7) Importer(815301076,1909f56bfc062723c751e8b465ee728b)
Start importing Assets/Audio Clips/Intro.mp3 using Guid(ed51375fc7a21594b8a8139f95a0b2f7) Importer(815301076,1909f56bfc062723c751e8b465ee728b)  -> (artifact id: 'e73b03ac089fee7de19356dfe32e13f8') in 0.059903 seconds
  Import took 0.062889 seconds .

========================================================================
Received Import Request.
  Time since last request: 6.864432 seconds.
  path: Assets/Scenes/Game.unity
  artifactKey: Guid(d019c76f946538143b5f6d0345c305bb) Importer(815301076,1909f56bfc062723c751e8b465ee728b)
Start importing Assets/Scenes/Game.unity using Guid(d019c76f946538143b5f6d0345c305bb) Importer(815301076,1909f56bfc062723c751e8b465ee728b)  -> (artifact id: 'd1d4b5b7fbacc57315e033a8eb75a6d6') in 0.009549 seconds
  Import took 0.012404 seconds .

========================================================================
Received Import Request.
  Time since last request: 0.000373 seconds.
  path: Assets/Scenes/Game.unity
  artifactKey: Guid(d019c76f946538143b5f6d0345c305bb) Importer(815301076,1909f56bfc062723c751e8b465ee728b)
Start importing Assets/Scenes/Game.unity using Guid(d019c76f946538143b5f6d0345c305bb) Importer(815301076,1909f56bfc062723c751e8b465ee728b)  -> (artifact id: 'd1d4b5b7fbacc57315e033a8eb75a6d6') in 0.003498 seconds
  Import took 0.006959 seconds .

========================================================================
Received Import Request.
  Time since last request: 1.707825 seconds.
  path: Assets/Scenes/Start.unity
  artifactKey: Guid(8560c1361b32fca45922c5a7906b8fc3) Importer(815301076,1909f56bfc062723c751e8b465ee728b)
Start importing Assets/Scenes/Start.unity using Guid(8560c1361b32fca45922c5a7906b8fc3) Importer(815301076,1909f56bfc062723c751e8b465ee728b)  -> (artifact id: '37121ce30a373ac464441d59c937425b') in 0.002832 seconds
  Import took 0.006184 seconds .

========================================================================
Received Import Request.
  Time since last request: 0.000331 seconds.
  path: Assets/Scenes/Start.unity
  artifactKey: Guid(8560c1361b32fca45922c5a7906b8fc3) Importer(815301076,1909f56bfc062723c751e8b465ee728b)
Start importing Assets/Scenes/Start.unity using Guid(8560c1361b32fca45922c5a7906b8fc3) Importer(815301076,1909f56bfc062723c751e8b465ee728b)  -> (artifact id: '37121ce30a373ac464441d59c937425b') in 0.002650 seconds
  Import took 0.005195 seconds .

========================================================================
Received Prepare
Registering precompiled user dll's ...
Registered in 0.001019 seconds.
Begin MonoManager ReloadAssembly
Native extension for WindowsStandalone target not found
Refreshing native plugins compatible for Editor in 0.40 ms, found 1 plugins.
Preloading 0 native plugins for Editor in 0.00 ms.
Invoked RoslynAnalysisRunner static constructor.
RoslynAnalysisRunner will not be running.
RoslynAnalysisRunner has terminated.
Mono: successfully reloaded assembly
- Completed reload, in  0.678 seconds
Platform modules already initialized, skipping
Refreshing native plugins compatible for Editor in 0.37 ms, found 1 plugins.
Preloading 0 native plugins for Editor in 0.00 ms.
Unloading 1796 Unused Serialized files (Serialized files now loaded: 0)
System memory in use before: 84.5 MB.
System memory in use after: 84.5 MB.

Unloading 12 unused Assets to reduce memory usage. Loaded Objects now: 2246.
Total: 1.808800 ms (FindLiveObjects: 0.195000 ms CreateObjectMapping: 0.045500 ms MarkObjects: 1.474700 ms  DeleteObjects: 0.092700 ms)

AssetImportWorkerClient::OnTransportError - code=2 error=End of file
